<?xml version="1.0" encoding="UTF-8" standalone="yes"?><!DOCTYPE report PUBLIC "-//JACOCO//DTD Report 1.1//EN" "report.dtd"><report name="WebAndCloud"><sessioninfo id="cs-714792533768-default-de92a845" start="1653324721057" dump="1653324721711"/><sessioninfo id="cs-714792533768-default-cfb22744" start="1653326159610" dump="1653326160190"/><sessioninfo id="cs-714792533768-default-f3953b7c" start="1653326186221" dump="1653326186930"/><sessioninfo id="cs-714792533768-default-dfdac138" start="1653570936626" dump="1653570937343"/><sessioninfo id="cs-714792533768-default-4e1ff89e" start="1653571246869" dump="1653571247488"/><sessioninfo id="cs-714792533768-default-d263dc45" start="1653572106915" dump="1653572107612"/><sessioninfo id="cs-714792533768-default-14bc9480" start="1653572156528" dump="1653572157322"/><sessioninfo id="cs-714792533768-default-e762a0d0" start="1653572236249" dump="1653572237075"/><sessioninfo id="cs-714792533768-default-78d06c76" start="1653572262790" dump="1653572263504"/><sessioninfo id="cs-714792533768-default-985ae041" start="1653572426009" dump="1653572426664"/><sessioninfo id="cs-714792533768-default-65b5edea" start="1653572448833" dump="1653572449457"/><sessioninfo id="cs-714792533768-default-94138fe5" start="1653573087972" dump="1653573088697"/><sessioninfo id="cs-714792533768-default-a19b616a" start="1653575144179" dump="1653575144842"/><sessioninfo id="cs-714792533768-default-599edd6e" start="1653575905387" dump="1653575906087"/><sessioninfo id="cs-714792533768-default-d5167c0c" start="1653576455583" dump="1653576456288"/><sessioninfo id="cs-714792533768-default-3128aef6" start="1653577061262" dump="1653577061927"/><sessioninfo id="cs-714792533768-default-eda5e6c8" start="1653577353056" dump="1653577353713"/><sessioninfo id="cs-714792533768-default-d264cfdf" start="1653577580624" dump="1653577581366"/><sessioninfo id="cs-714792533768-default-2a42ea5b" start="1653577649896" dump="1653577650597"/><sessioninfo id="cs-714792533768-default-e678b505" start="1653577740979" dump="1653577741592"/><sessioninfo id="cs-714792533768-default-f6b75487" start="1653577826081" dump="1653577826773"/><sessioninfo id="cs-714792533768-default-efe5281d" start="1653578202638" dump="1653578203212"/><sessioninfo id="cs-714792533768-default-85c59840" start="1653578581418" dump="1653578582171"/><sessioninfo id="cs-714792533768-default-1e070dad" start="1653578748852" dump="1653578749497"/><sessioninfo id="cs-714792533768-default-128630aa" start="1653584154097" dump="1653584154753"/><sessioninfo id="cs-714792533768-default-88303de5" start="1653585467334" dump="1653585467974"/><sessioninfo id="cs-714792533768-default-47997802" start="1653585671118" dump="1653585671939"/><sessioninfo id="cs-714792533768-default-f5b5a7f1" start="1653585807956" dump="1653585808585"/><sessioninfo id="cs-714792533768-default-9d2e33ce" start="1653587319335" dump="1653587320111"/><sessioninfo id="cs-714792533768-default-c64d8eda" start="1653589146922" dump="1653589147654"/><sessioninfo id="cs-714792533768-default-dc6fdfa8" start="1653589344534" dump="1653589345153"/><sessioninfo id="cs-714792533768-default-9f614b60" start="1653590005273" dump="1653590006042"/><sessioninfo id="cs-714792533768-default-b7a802c3" start="1653590236710" dump="1653590237380"/><sessioninfo id="cs-714792533768-default-f1003123" start="1653590766695" dump="1653590767478"/><sessioninfo id="cs-714792533768-default-b26cdedd" start="1653591354317" dump="1653591355074"/><sessioninfo id="cs-714792533768-default-2a411016" start="1653591920735" dump="1653591921453"/><sessioninfo id="cs-714792533768-default-3475111e" start="1653592742298" dump="1653592743057"/><sessioninfo id="cs-714792533768-default-ea63be7d" start="1653594034616" dump="1653594035287"/><sessioninfo id="cs-714792533768-default-f652a095" start="1653594512698" dump="1653594513362"/><sessioninfo id="cs-714792533768-default-55f7dcc7" start="1653594663572" dump="1653594664395"/><sessioninfo id="cs-714792533768-default-4e3334ea" start="1653596733892" dump="1653596734711"/><sessioninfo id="cs-714792533768-default-de0de58c" start="1653596841470" dump="1653596842144"/><sessioninfo id="cs-714792533768-default-212015c6" start="1653604467273" dump="1653604467917"/><sessioninfo id="cs-714792533768-default-53ddf90d" start="1653604711669" dump="1653604712174"/><sessioninfo id="cs-714792533768-default-aaa62d11" start="1653604930999" dump="1653604931537"/><sessioninfo id="cs-352154850083-default-db6a990b" start="1653669301398" dump="1653669302807"/><sessioninfo id="cs-352154850083-default-79f95205" start="1653670038886" dump="1653670039547"/><sessioninfo id="cs-352154850083-default-628194a2" start="1653670221534" dump="1653670222249"/><sessioninfo id="cs-352154850083-default-7ef7e2c2" start="1653670692391" dump="1653670692997"/><sessioninfo id="cs-352154850083-default-18306bdf" start="1653671099351" dump="1653671099950"/><sessioninfo id="cs-352154850083-default-33f787d6" start="1653678975576" dump="1653678976174"/><sessioninfo id="cs-352154850083-default-5cfca05b" start="1653679922609" dump="1653679923066"/><sessioninfo id="cs-352154850083-default-16b52259" start="1653680121857" dump="1653680122372"/><sessioninfo id="cs-352154850083-default-1a833411" start="1653680134786" dump="1653680135295"/><sessioninfo id="cs-352154850083-default-94ca87b6" start="1653681020488" dump="1653681020984"/><sessioninfo id="cs-352154850083-default-eaaaa9f2" start="1653681125646" dump="1653681126207"/><sessioninfo id="cs-352154850083-default-f8a63589" start="1653681430137" dump="1653681430810"/><sessioninfo id="cs-352154850083-default-fe1bd217" start="1653681555082" dump="1653681555620"/><sessioninfo id="cs-352154850083-default-7b5a00aa" start="1653681742191" dump="1653681742785"/><sessioninfo id="cs-352154850083-default-cf850421" start="1653681779689" dump="1653681780215"/><sessioninfo id="cs-352154850083-default-a5ad487e" start="1653681905632" dump="1653681906380"/><sessioninfo id="cs-352154850083-default-ab91dc93" start="1653682041869" dump="1653682042453"/><sessioninfo id="cs-352154850083-default-53f063b1" start="1653682284182" dump="1653682284765"/><sessioninfo id="cs-352154850083-default-d53af1ef" start="1653682668103" dump="1653682668637"/><sessioninfo id="cs-352154850083-default-ff9ff6be" start="1653683126639" dump="1653683127282"/><sessioninfo id="cs-352154850083-default-ca7a2033" start="1653683687249" dump="1653683687817"/><sessioninfo id="cs-352154850083-default-7e858eca" start="1653683774608" dump="1653683775160"/><sessioninfo id="cs-352154850083-default-191c59a6" start="1653683910237" dump="1653683910763"/><sessioninfo id="cs-352154850083-default-da3f9b70" start="1653684068810" dump="1653684069388"/><sessioninfo id="cs-352154850083-default-51b58556" start="1653684146818" dump="1653684147326"/><sessioninfo id="cs-352154850083-default-38d9c7f8" start="1653684281097" dump="1653684281816"/><sessioninfo id="cs-352154850083-default-216a0550" start="1653684419995" dump="1653684420546"/><sessioninfo id="cs-352154850083-default-34deee5b" start="1653684556552" dump="1653684557122"/><sessioninfo id="cs-352154850083-default-4554eb15" start="1653684919496" dump="1653684920050"/><sessioninfo id="cs-352154850083-default-cfdbb4ab" start="1653685060347" dump="1653685060863"/><sessioninfo id="cs-352154850083-default-248134a" start="1653685170719" dump="1653685171247"/><sessioninfo id="cs-352154850083-default-89f783b6" start="1653685284493" dump="1653685285010"/><sessioninfo id="cs-352154850083-default-24a61307" start="1653685716051" dump="1653685716569"/><sessioninfo id="cs-352154850083-default-f366dec8" start="1653686300984" dump="1653686301531"/><sessioninfo id="cs-352154850083-default-42729b86" start="1653686460060" dump="1653686460582"/><sessioninfo id="cs-352154850083-default-a94c146e" start="1653738000674" dump="1653738001366"/><sessioninfo id="cs-352154850083-default-2e1627bf" start="1653738013217" dump="1653738013832"/><sessioninfo id="cs-352154850083-default-6234ee89" start="1653739201525" dump="1653739202113"/><sessioninfo id="cs-352154850083-default-5537f51d" start="1653739948466" dump="1653739949189"/><sessioninfo id="cs-352154850083-default-1909bb3e" start="1653740819760" dump="1653740820343"/><sessioninfo id="cs-352154850083-default-4e4e9e28" start="1653741460313" dump="1653741460828"/><sessioninfo id="cs-352154850083-default-3bcd33c1" start="1653742316447" dump="1653742316997"/><sessioninfo id="cs-352154850083-default-60131a1b" start="1653742545444" dump="1653742546026"/><sessioninfo id="cs-352154850083-default-84c5c200" start="1653742778028" dump="1653742778498"/><sessioninfo id="cs-352154850083-default-17f7e21d" start="1653742801171" dump="1653742801763"/><sessioninfo id="cs-352154850083-default-3e5e2464" start="1653742845592" dump="1653742846096"/><sessioninfo id="cs-352154850083-default-ee26b001" start="1653743885521" dump="1653743885996"/><sessioninfo id="cs-352154850083-default-b474e2f5" start="1653744271016" dump="1653744271540"/><sessioninfo id="cs-352154850083-default-fd4f7484" start="1653744667907" dump="1653744668450"/><sessioninfo id="cs-352154850083-default-adf1ad89" start="1653745055373" dump="1653745055905"/><sessioninfo id="cs-352154850083-default-59ad1721" start="1653745455552" dump="1653745456048"/><sessioninfo id="cs-352154850083-default-eaaf61b3" start="1653745655091" dump="1653745655681"/><sessioninfo id="cs-352154850083-default-aa93db2c" start="1653746336898" dump="1653746337432"/><sessioninfo id="cs-352154850083-default-7a33a4ce" start="1653746417150" dump="1653746417642"/><sessioninfo id="cs-352154850083-default-a11f1199" start="1653746678298" dump="1653746679014"/><sessioninfo id="cs-352154850083-default-cc35af66" start="1653746839188" dump="1653746839706"/><sessioninfo id="cs-352154850083-default-a1c0d29a" start="1653748122590" dump="1653748123126"/><sessioninfo id="cs-352154850083-default-cab03a1" start="1653748464809" dump="1653748465366"/><sessioninfo id="cs-352154850083-default-74822eba" start="1653750399364" dump="1653750399912"/><sessioninfo id="cs-352154850083-default-9c998e85" start="1653750719641" dump="1653750720161"/><sessioninfo id="cs-352154850083-default-612a5a49" start="1653751878555" dump="1653751879103"/><sessioninfo id="cs-352154850083-default-4458035f" start="1653752072977" dump="1653752073501"/><sessioninfo id="cs-352154850083-default-a4bfe4cd" start="1653752213910" dump="1653752214504"/><sessioninfo id="cs-352154850083-default-274f20f6" start="1653752267291" dump="1653752267797"/><sessioninfo id="cs-352154850083-default-368aa348" start="1653753176373" dump="1653753176863"/><sessioninfo id="cs-352154850083-default-56c90d54" start="1653753574202" dump="1653753574753"/><sessioninfo id="cs-352154850083-default-ea47867e" start="1653820319696" dump="1653820320500"/><sessioninfo id="cs-352154850083-default-f8464bd0" start="1653820845264" dump="1653820845906"/><sessioninfo id="cs-352154850083-default-71147957" start="1653821534345" dump="1653821534928"/><sessioninfo id="cs-352154850083-default-7239e305" start="1653821947929" dump="1653821948514"/><sessioninfo id="cs-352154850083-default-55a22526" start="1653822908010" dump="1653822908683"/><sessioninfo id="cs-352154850083-default-3f703b6" start="1653823608123" dump="1653823608863"/><sessioninfo id="cs-352154850083-default-5f831951" start="1653824180094" dump="1653824180696"/><sessioninfo id="cs-352154850083-default-c40bc793" start="1653825160919" dump="1653825161566"/><sessioninfo id="cs-352154850083-default-1ce459d5" start="1653825411072" dump="1653825411736"/><sessioninfo id="cs-352154850083-default-944dd298" start="1653825614664" dump="1653825615309"/><sessioninfo id="cs-352154850083-default-d7f86777" start="1653825831495" dump="1653825832156"/><sessioninfo id="cs-352154850083-default-2eba48db" start="1653826080987" dump="1653826081741"/><sessioninfo id="cs-352154850083-default-b23deb1d" start="1653826156851" dump="1653826157489"/><sessioninfo id="cs-352154850083-default-630da661" start="1653826229310" dump="1653826229971"/><sessioninfo id="cs-352154850083-default-8375c68e" start="1653826461340" dump="1653826462007"/><sessioninfo id="cs-352154850083-default-d6b66760" start="1653826523767" dump="1653826524428"/><sessioninfo id="cs-352154850083-default-fdba2a8b" start="1653826663955" dump="1653826664638"/><sessioninfo id="cs-352154850083-default-6642964d" start="1653826767556" dump="1653826768283"/><sessioninfo id="cs-352154850083-default-6325bf4" start="1653826849290" dump="1653826849991"/><sessioninfo id="cs-352154850083-default-b0aaca6e" start="1653826952564" dump="1653826953322"/><sessioninfo id="cs-352154850083-default-d1af9bcc" start="1653827589293" dump="1653827590034"/><sessioninfo id="cs-352154850083-default-47a79b7d" start="1653827644191" dump="1653827644793"/><sessioninfo id="cs-352154850083-default-a848302a" start="1653828253501" dump="1653828254230"/><sessioninfo id="cs-352154850083-default-5d359e47" start="1653828449612" dump="1653828450248"/><sessioninfo id="cs-352154850083-default-df5e8ab3" start="1653828623068" dump="1653828623759"/><sessioninfo id="cs-352154850083-default-f2007796" start="1653829412145" dump="1653829412754"/><sessioninfo id="cs-352154850083-default-4e885ef1" start="1653829598969" dump="1653829599654"/><sessioninfo id="cs-352154850083-default-5bcc6a92" start="1653829701113" dump="1653829701785"/><sessioninfo id="cs-352154850083-default-f0951d22" start="1653829835129" dump="1653829835817"/><sessioninfo id="cs-352154850083-default-e9133b75" start="1653829889775" dump="1653829890435"/><sessioninfo id="cs-352154850083-default-5ff371f9" start="1653830348432" dump="1653830349109"/><sessioninfo id="cs-352154850083-default-da43f37" start="1653830888575" dump="1653830889260"/><sessioninfo id="cs-352154850083-default-f2424647" start="1653831079886" dump="1653831080517"/><sessioninfo id="cs-352154850083-default-953da058" start="1653831126802" dump="1653831127545"/><sessioninfo id="cs-352154850083-default-2e42b530" start="1653835902444" dump="1653835903117"/><sessioninfo id="cs-352154850083-default-508b8f97" start="1653835994127" dump="1653835994781"/><sessioninfo id="cs-352154850083-default-dc558ea6" start="1653836031670" dump="1653836032254"/><sessioninfo id="cs-352154850083-default-38f39b6b" start="1653836191743" dump="1653836192358"/><sessioninfo id="cs-352154850083-default-fbbfbcf7" start="1653836574232" dump="1653836574945"/><sessioninfo id="cs-352154850083-default-2d63d91a" start="1653836790958" dump="1653836791630"/><sessioninfo id="cs-352154850083-default-8460dd23" start="1653837458386" dump="1653837459097"/><sessioninfo id="cs-352154850083-default-fd062355" start="1653837829148" dump="1653837829869"/><sessioninfo id="cs-352154850083-default-45200ff1" start="1653838498651" dump="1653838499238"/><sessioninfo id="cs-352154850083-default-a40dbbda" start="1653838926943" dump="1653838927640"/><sessioninfo id="cs-352154850083-default-4d561d8" start="1653839328721" dump="1653839329302"/><sessioninfo id="cs-352154850083-default-c1081afb" start="1653839950760" dump="1653839951460"/><sessioninfo id="cs-352154850083-default-975a7e7c" start="1653840353802" dump="1653840354428"/><sessioninfo id="cs-352154850083-default-f9a300f6" start="1653840868381" dump="1653840869168"/><sessioninfo id="cs-352154850083-default-e7cb9d8" start="1653840956427" dump="1653840957112"/><package name="foo"><class name="foo/PetitionEndpoint" sourcefilename="PetitionEndpoint.java"><method name="&lt;init&gt;" desc="()V" line="37"><counter type="INSTRUCTION" missed="3" covered="0"/><counter type="LINE" missed="1" covered="0"/><counter type="COMPLEXITY" missed="1" covered="0"/><counter type="METHOD" missed="1" covered="0"/></method><method name="getTop100" desc="()Ljava/util/List;" line="41"><counter type="INSTRUCTION" missed="31" covered="0"/><counter type="LINE" missed="7" covered="0"/><counter type="COMPLEXITY" missed="1" covered="0"/><counter type="METHOD" missed="1" covered="0"/></method><method name="getTop10Recent" desc="(Ljava/lang/String;)Ljava/util/List;" line="58"><counter type="INSTRUCTION" missed="38" covered="0"/><counter type="BRANCH" missed="2" covered="0"/><counter type="LINE" missed="8" covered="0"/><counter type="COMPLEXITY" missed="2" covered="0"/><counter type="METHOD" missed="1" covered="0"/></method><method name="getTop1OSigned" desc="(Ljava/lang/String;)Ljava/util/List;" line="77"><counter type="INSTRUCTION" missed="43" covered="0"/><counter type="BRANCH" missed="2" covered="0"/><counter type="LINE" missed="9" covered="0"/><counter type="COMPLEXITY" missed="2" covered="0"/><counter type="METHOD" missed="1" covered="0"/></method><method name="addObjectifSignataire" desc="(Ljava/lang/String;I)Lcom/google/appengine/api/datastore/Entity;" line="97"><counter type="INSTRUCTION" missed="24" covered="0"/><counter type="LINE" missed="6" covered="0"/><counter type="COMPLEXITY" missed="1" covered="0"/><counter type="METHOD" missed="1" covered="0"/></method><method name="infoPetition" desc="(Ljava/lang/String;)Lcom/google/appengine/api/datastore/Entity;" line="109"><counter type="INSTRUCTION" missed="15" covered="0"/><counter type="LINE" missed="4" covered="0"/><counter type="COMPLEXITY" missed="1" covered="0"/><counter type="METHOD" missed="1" covered="0"/></method><method name="addPetition" desc="(Lfoo/PetitionItem;)Lcom/google/appengine/api/datastore/Entity;" line="117"><counter type="INSTRUCTION" missed="134" covered="0"/><counter type="BRANCH" missed="2" covered="0"/><counter type="LINE" missed="23" covered="0"/><counter type="COMPLEXITY" missed="2" covered="0"/><counter type="METHOD" missed="1" covered="0"/></method><method name="updatePetition" desc="(Lfoo/PetitionItem;)Lcom/google/appengine/api/datastore/Entity;" line="152"><counter type="INSTRUCTION" missed="93" covered="0"/><counter type="BRANCH" missed="2" covered="0"/><counter type="LINE" missed="18" covered="0"/><counter type="COMPLEXITY" missed="2" covered="0"/><counter type="METHOD" missed="1" covered="0"/></method><method name="deletePetition" desc="(Ljava/lang/String;)Lcom/google/appengine/api/datastore/Entity;" line="180"><counter type="INSTRUCTION" missed="89" covered="0"/><counter type="BRANCH" missed="4" covered="0"/><counter type="LINE" missed="18" covered="0"/><counter type="COMPLEXITY" missed="3" covered="0"/><counter type="METHOD" missed="1" covered="0"/></method><method name="addSignataire" desc="(Ljava/lang/String;I)Lcom/google/appengine/api/datastore/Entity;" line="205"><counter type="INSTRUCTION" missed="142" covered="0"/><counter type="BRANCH" missed="2" covered="0"/><counter type="LINE" missed="26" covered="0"/><counter type="COMPLEXITY" missed="2" covered="0"/><counter type="METHOD" missed="1" covered="0"/></method><method name="verifieSignature" desc="(Ljava/lang/String;I)Lcom/google/appengine/api/datastore/Entity;" line="241"><counter type="INSTRUCTION" missed="77" covered="0"/><counter type="BRANCH" missed="2" covered="0"/><counter type="LINE" missed="15" covered="0"/><counter type="COMPLEXITY" missed="2" covered="0"/><counter type="METHOD" missed="1" covered="0"/></method><method name="deleteSignataire" desc="(Ljava/lang/String;I)Lcom/google/appengine/api/datastore/Entity;" line="264"><counter type="INSTRUCTION" missed="122" covered="0"/><counter type="BRANCH" missed="4" covered="0"/><counter type="LINE" missed="24" covered="0"/><counter type="COMPLEXITY" missed="3" covered="0"/><counter type="METHOD" missed="1" covered="0"/></method><method name="myPetitionCreated" desc="(Ljava/lang/String;Ljava/lang/String;)Ljava/util/List;" line="299"><counter type="INSTRUCTION" missed="63" covered="0"/><counter type="BRANCH" missed="2" covered="0"/><counter type="LINE" missed="9" covered="0"/><counter type="COMPLEXITY" missed="2" covered="0"/><counter type="METHOD" missed="1" covered="0"/></method><counter type="INSTRUCTION" missed="874" covered="0"/><counter type="BRANCH" missed="22" covered="0"/><counter type="LINE" missed="168" covered="0"/><counter type="COMPLEXITY" missed="24" covered="0"/><counter type="METHOD" missed="13" covered="0"/><counter type="CLASS" missed="1" covered="0"/></class><class name="foo/PetitionServlet" sourcefilename="PetitionServlet.java"><method name="&lt;init&gt;" desc="()V" line="20"><counter type="INSTRUCTION" missed="3" covered="0"/><counter type="LINE" missed="1" covered="0"/><counter type="COMPLEXITY" missed="1" covered="0"/><counter type="METHOD" missed="1" covered="0"/></method><method name="doGet" desc="(Ljavax/servlet/http/HttpServletRequest;Ljavax/servlet/http/HttpServletResponse;)V" line="26"><counter type="INSTRUCTION" missed="350" covered="0"/><counter type="BRANCH" missed="12" covered="0"/><counter type="LINE" missed="59" covered="0"/><counter type="COMPLEXITY" missed="7" covered="0"/><counter type="METHOD" missed="1" covered="0"/></method><counter type="INSTRUCTION" missed="353" covered="0"/><counter type="BRANCH" missed="12" covered="0"/><counter type="LINE" missed="60" covered="0"/><counter type="COMPLEXITY" missed="8" covered="0"/><counter type="METHOD" missed="2" covered="0"/><counter type="CLASS" missed="1" covered="0"/></class><class name="foo/PetitionQuery" sourcefilename="PetitionQuery.java"><method name="&lt;init&gt;" desc="()V" line="36"><counter type="INSTRUCTION" missed="3" covered="0"/><counter type="LINE" missed="1" covered="0"/><counter type="COMPLEXITY" missed="1" covered="0"/><counter type="METHOD" missed="1" covered="0"/></method><method name="doGet" desc="(Ljavax/servlet/http/HttpServletRequest;Ljavax/servlet/http/HttpServletResponse;)V" line="41"><counter type="INSTRUCTION" missed="146" covered="0"/><counter type="BRANCH" missed="4" covered="0"/><counter type="LINE" missed="25" covered="0"/><counter type="COMPLEXITY" missed="3" covered="0"/><counter type="METHOD" missed="1" covered="0"/></method><counter type="INSTRUCTION" missed="149" covered="0"/><counter type="BRANCH" missed="4" covered="0"/><counter type="LINE" missed="26" covered="0"/><counter type="COMPLEXITY" missed="4" covered="0"/><counter type="METHOD" missed="2" covered="0"/><counter type="CLASS" missed="1" covered="0"/></class><class name="foo/PetitionRemoveAll" sourcefilename="PetitionRemoveAll.java"><method name="&lt;init&gt;" desc="()V" line="20"><counter type="INSTRUCTION" missed="3" covered="0"/><counter type="LINE" missed="1" covered="0"/><counter type="COMPLEXITY" missed="1" covered="0"/><counter type="METHOD" missed="1" covered="0"/></method><method name="doGet" desc="(Ljavax/servlet/http/HttpServletRequest;Ljavax/servlet/http/HttpServletResponse;)V" line="25"><counter type="INSTRUCTION" missed="150" covered="0"/><counter type="BRANCH" missed="6" covered="0"/><counter type="LINE" missed="25" covered="0"/><counter type="COMPLEXITY" missed="4" covered="0"/><counter type="METHOD" missed="1" covered="0"/></method><counter type="INSTRUCTION" missed="153" covered="0"/><counter type="BRANCH" missed="6" covered="0"/><counter type="LINE" missed="26" covered="0"/><counter type="COMPLEXITY" missed="5" covered="0"/><counter type="METHOD" missed="2" covered="0"/><counter type="CLASS" missed="1" covered="0"/></class><class name="foo/PetitionItem" sourcefilename="PetitionItem.java"><method name="&lt;init&gt;" desc="()V" line="6"><counter type="INSTRUCTION" missed="39" covered="0"/><counter type="LINE" missed="13" covered="0"/><counter type="COMPLEXITY" missed="1" covered="0"/><counter type="METHOD" missed="1" covered="0"/></method><counter type="INSTRUCTION" missed="39" covered="0"/><counter type="LINE" missed="13" covered="0"/><counter type="COMPLEXITY" missed="1" covered="0"/><counter type="METHOD" missed="1" covered="0"/><counter type="CLASS" missed="1" covered="0"/></class><class name="foo/RandomDate" sourcefilename="RandomDate.java"><method name="&lt;init&gt;" desc="()V" line="5"><counter type="INSTRUCTION" missed="3" covered="0"/><counter type="LINE" missed="1" covered="0"/><counter type="COMPLEXITY" missed="1" covered="0"/><counter type="METHOD" missed="1" covered="0"/></method><method name="main" desc="([Ljava/lang/String;)V" line="9"><counter type="INSTRUCTION" missed="1" covered="0"/><counter type="LINE" missed="1" covered="0"/><counter type="COMPLEXITY" missed="1" covered="0"/><counter type="METHOD" missed="1" covered="0"/></method><method name="randDate" desc="()Ljava/lang/String;" line="13"><counter type="INSTRUCTION" missed="125" covered="0"/><counter type="BRANCH" missed="4" covered="0"/><counter type="LINE" missed="15" covered="0"/><counter type="COMPLEXITY" missed="3" covered="0"/><counter type="METHOD" missed="1" covered="0"/></method><method name="randBetween" desc="(II)I" line="47"><counter type="INSTRUCTION" missed="11" covered="0"/><counter type="LINE" missed="1" covered="0"/><counter type="COMPLEXITY" missed="1" covered="0"/><counter type="METHOD" missed="1" covered="0"/></method><counter type="INSTRUCTION" missed="140" covered="0"/><counter type="BRANCH" missed="4" covered="0"/><counter type="LINE" missed="18" covered="0"/><counter type="COMPLEXITY" missed="6" covered="0"/><counter type="METHOD" missed="4" covered="0"/><counter type="CLASS" missed="1" covered="0"/></class><class name="foo/HelloAppEngine" sourcefilename="HelloAppEngine.java"><method name="&lt;init&gt;" desc="()V" line="15"><counter type="INSTRUCTION" missed="0" covered="6"/><counter type="LINE" missed="0" covered="2"/><counter type="COMPLEXITY" missed="0" covered="1"/><counter type="METHOD" missed="0" covered="1"/></method><method name="doGet" desc="(Ljavax/servlet/http/HttpServletRequest;Ljavax/servlet/http/HttpServletResponse;)V" line="23"><counter type="INSTRUCTION" missed="0" covered="78"/><counter type="LINE" missed="0" covered="9"/><counter type="COMPLEXITY" missed="0" covered="1"/><counter type="METHOD" missed="0" covered="1"/></method><method name="&lt;clinit&gt;" desc="()V" line="17"><counter type="INSTRUCTION" missed="0" covered="3"/><counter type="LINE" missed="0" covered="1"/><counter type="COMPLEXITY" missed="0" covered="1"/><counter type="METHOD" missed="0" covered="1"/></method><counter type="INSTRUCTION" missed="0" covered="87"/><counter type="LINE" missed="0" covered="12"/><counter type="COMPLEXITY" missed="0" covered="3"/><counter type="METHOD" missed="0" covered="3"/><counter type="CLASS" missed="0" covered="1"/></class><class name="foo/PetitionSigned" sourcefilename="PetitionSigned.java"><method name="&lt;init&gt;" desc="()V" line="36"><counter type="INSTRUCTION" missed="3" covered="0"/><counter type="LINE" missed="1" covered="0"/><counter type="COMPLEXITY" missed="1" covered="0"/><counter type="METHOD" missed="1" covered="0"/></method><method name="doGet" desc="(Ljavax/servlet/http/HttpServletRequest;Ljavax/servlet/http/HttpServletResponse;)V" line="41"><counter type="INSTRUCTION" missed="106" covered="0"/><counter type="BRANCH" missed="6" covered="0"/><counter type="LINE" missed="19" covered="0"/><counter type="COMPLEXITY" missed="4" covered="0"/><counter type="METHOD" missed="1" covered="0"/></method><counter type="INSTRUCTION" missed="109" covered="0"/><counter type="BRANCH" missed="6" covered="0"/><counter type="LINE" missed="20" covered="0"/><counter type="COMPLEXITY" missed="5" covered="0"/><counter type="METHOD" missed="2" covered="0"/><counter type="CLASS" missed="1" covered="0"/></class><sourcefile name="PetitionSigned.java"><line nr="36" mi="3" ci="0" mb="0" cb="0"/><line nr="41" mi="3" ci="0" mb="0" cb="0"/><line nr="42" mi="3" ci="0" mb="0" cb="0"/><line nr="45" mi="4" ci="0" mb="0" cb="0"/><line nr="46" mi="2" ci="0" mb="0" cb="0"/><line nr="47" mi="2" ci="0" mb="0" cb="0"/><line nr="49" mi="10" ci="0" mb="0" cb="0"/><line nr="50" mi="2" ci="0" mb="0" cb="0"/><line nr="54" mi="3" ci="0" mb="0" cb="0"/><line nr="55" mi="4" ci="0" mb="0" cb="0"/><line nr="56" mi="4" ci="0" mb="0" cb="0"/><line nr="60" mi="14" ci="0" mb="0" cb="0"/><line nr="64" mi="10" ci="0" mb="2" cb="0"/><line nr="65" mi="14" ci="0" mb="0" cb="0"/><line nr="67" mi="1" ci="0" mb="0" cb="0"/><line nr="70" mi="2" ci="0" mb="0" cb="0"/><line nr="71" mi="13" ci="0" mb="0" cb="0"/><line nr="72" mi="10" ci="0" mb="4" cb="0"/><line nr="73" mi="4" ci="0" mb="0" cb="0"/><line nr="76" mi="1" ci="0" mb="0" cb="0"/><counter type="INSTRUCTION" missed="109" covered="0"/><counter type="BRANCH" missed="6" covered="0"/><counter type="LINE" missed="20" covered="0"/><counter type="COMPLEXITY" missed="5" covered="0"/><counter type="METHOD" missed="2" covered="0"/><counter type="CLASS" missed="1" covered="0"/></sourcefile><sourcefile name="PetitionEndpoint.java"><line nr="37" mi="3" ci="0" mb="0" cb="0"/><line nr="41" mi="2" ci="0" mb="0" cb="0"/><line nr="43" mi="5" ci="0" mb="0" cb="0"/><line nr="44" mi="8" ci="0" mb="0" cb="0"/><line nr="45" mi="5" ci="0" mb="0" cb="0"/><line nr="47" mi="4" ci="0" mb="0" cb="0"/><line nr="48" mi="5" ci="0" mb="0" cb="0"/><line nr="50" mi="2" ci="0" mb="0" cb="0"/><line nr="58" mi="2" ci="0" mb="0" cb="0"/><line nr="59" mi="5" ci="0" mb="0" cb="0"/><line nr="61" mi="4" ci="0" mb="2" cb="0"/><line nr="63" mi="7" ci="0" mb="0" cb="0"/><line nr="64" mi="9" ci="0" mb="0" cb="0"/><line nr="68" mi="4" ci="0" mb="0" cb="0"/><line nr="69" mi="5" ci="0" mb="0" cb="0"/><line nr="71" mi="2" ci="0" mb="0" cb="0"/><line nr="77" mi="2" ci="0" mb="0" cb="0"/><line nr="78" mi="5" ci="0" mb="0" cb="0"/><line nr="79" mi="5" ci="0" mb="0" cb="0"/><line nr="82" mi="4" ci="0" mb="2" cb="0"/><line nr="83" mi="7" ci="0" mb="0" cb="0"/><line nr="84" mi="9" ci="0" mb="0" cb="0"/><line nr="88" mi="4" ci="0" mb="0" cb="0"/><line nr="89" mi="5" ci="0" mb="0" cb="0"/><line nr="91" mi="2" ci="0" mb="0" cb="0"/><line nr="97" mi="2" ci="0" mb="0" cb="0"/><line nr="98" mi="7" ci="0" mb="0" cb="0"/><line nr="99" mi="4" ci="0" mb="0" cb="0"/><line nr="100" mi="5" ci="0" mb="0" cb="0"/><line nr="101" mi="4" ci="0" mb="0" cb="0"/><line nr="104" mi="2" ci="0" mb="0" cb="0"/><line nr="109" mi="2" ci="0" mb="0" cb="0"/><line nr="110" mi="7" ci="0" mb="0" cb="0"/><line nr="111" mi="4" ci="0" mb="0" cb="0"/><line nr="112" mi="2" ci="0" mb="0" cb="0"/><line nr="117" mi="4" ci="0" mb="0" cb="0"/><line nr="118" mi="4" ci="0" mb="0" cb="0"/><line nr="119" mi="4" ci="0" mb="0" cb="0"/><line nr="120" mi="4" ci="0" mb="0" cb="0"/><line nr="124" mi="23" ci="0" mb="0" cb="0"/><line nr="125" mi="5" ci="0" mb="0" cb="0"/><line nr="126" mi="5" ci="0" mb="0" cb="0"/><line nr="127" mi="5" ci="0" mb="0" cb="0"/><line nr="129" mi="6" ci="0" mb="0" cb="0"/><line nr="130" mi="6" ci="0" mb="0" cb="0"/><line nr="131" mi="5" ci="0" mb="0" cb="0"/><line nr="132" mi="5" ci="0" mb="0" cb="0"/><line nr="133" mi="6" ci="0" mb="0" cb="0"/><line nr="134" mi="6" ci="0" mb="0" cb="0"/><line nr="135" mi="5" ci="0" mb="0" cb="0"/><line nr="136" mi="4" ci="0" mb="0" cb="0"/><line nr="137" mi="5" ci="0" mb="0" cb="0"/><line nr="138" mi="16" ci="0" mb="2" cb="0"/><line nr="140" mi="4" ci="0" mb="0" cb="0"/><line nr="143" mi="4" ci="0" mb="0" cb="0"/><line nr="145" mi="2" ci="0" mb="0" cb="0"/><line nr="146" mi="4" ci="0" mb="0" cb="0"/><line nr="147" mi="2" ci="0" mb="0" cb="0"/><line nr="152" mi="2" ci="0" mb="0" cb="0"/><line nr="153" mi="8" ci="0" mb="0" cb="0"/><line nr="154" mi="4" ci="0" mb="0" cb="0"/><line nr="155" mi="4" ci="0" mb="0" cb="0"/><line nr="158" mi="4" ci="0" mb="0" cb="0"/><line nr="159" mi="5" ci="0" mb="0" cb="0"/><line nr="160" mi="5" ci="0" mb="0" cb="0"/><line nr="161" mi="5" ci="0" mb="0" cb="0"/><line nr="162" mi="6" ci="0" mb="0" cb="0"/><line nr="163" mi="6" ci="0" mb="0" cb="0"/><line nr="164" mi="5" ci="0" mb="0" cb="0"/><line nr="165" mi="4" ci="0" mb="0" cb="0"/><line nr="166" mi="5" ci="0" mb="0" cb="0"/><line nr="167" mi="16" ci="0" mb="2" cb="0"/><line nr="169" mi="4" ci="0" mb="0" cb="0"/><line nr="172" mi="4" ci="0" mb="0" cb="0"/><line nr="173" mi="4" ci="0" mb="0" cb="0"/><line nr="174" mi="2" ci="0" mb="0" cb="0"/><line nr="180" mi="2" ci="0" mb="0" cb="0"/><line nr="181" mi="7" ci="0" mb="0" cb="0"/><line nr="182" mi="4" ci="0" mb="0" cb="0"/><line nr="183" mi="9" ci="0" mb="0" cb="0"/><line nr="185" mi="5" ci="0" mb="0" cb="0"/><line nr="186" mi="9" ci="0" mb="0" cb="0"/><line nr="187" mi="4" ci="0" mb="0" cb="0"/><line nr="188" mi="4" ci="0" mb="0" cb="0"/><line nr="189" mi="5" ci="0" mb="0" cb="0"/><line nr="190" mi="3" ci="0" mb="0" cb="0"/><line nr="191" mi="2" ci="0" mb="2" cb="0"/><line nr="192" mi="10" ci="0" mb="2" cb="0"/><line nr="193" mi="9" ci="0" mb="0" cb="0"/><line nr="194" mi="1" ci="0" mb="0" cb="0"/><line nr="196" mi="4" ci="0" mb="0" cb="0"/><line nr="197" mi="4" ci="0" mb="0" cb="0"/><line nr="198" mi="5" ci="0" mb="0" cb="0"/><line nr="200" mi="2" ci="0" mb="0" cb="0"/><line nr="205" mi="2" ci="0" mb="0" cb="0"/><line nr="206" mi="5" ci="0" mb="0" cb="0"/><line nr="207" mi="13" ci="0" mb="0" cb="0"/><line nr="208" mi="12" ci="0" mb="0" cb="0"/><line nr="211" mi="4" ci="0" mb="0" cb="0"/><line nr="212" mi="4" ci="0" mb="0" cb="0"/><line nr="213" mi="5" ci="0" mb="0" cb="0"/><line nr="214" mi="3" ci="0" mb="2" cb="0"/><line nr="215" mi="4" ci="0" mb="0" cb="0"/><line nr="216" mi="5" ci="0" mb="0" cb="0"/><line nr="218" mi="4" ci="0" mb="0" cb="0"/><line nr="219" mi="19" ci="0" mb="0" cb="0"/><line nr="220" mi="4" ci="0" mb="0" cb="0"/><line nr="221" mi="5" ci="0" mb="0" cb="0"/><line nr="222" mi="4" ci="0" mb="0" cb="0"/><line nr="223" mi="4" ci="0" mb="0" cb="0"/><line nr="225" mi="7" ci="0" mb="0" cb="0"/><line nr="226" mi="4" ci="0" mb="0" cb="0"/><line nr="227" mi="6" ci="0" mb="0" cb="0"/><line nr="228" mi="4" ci="0" mb="0" cb="0"/><line nr="229" mi="5" ci="0" mb="0" cb="0"/><line nr="230" mi="4" ci="0" mb="0" cb="0"/><line nr="232" mi="4" ci="0" mb="0" cb="0"/><line nr="233" mi="4" ci="0" mb="0" cb="0"/><line nr="234" mi="5" ci="0" mb="0" cb="0"/><line nr="236" mi="2" ci="0" mb="0" cb="0"/><line nr="241" mi="2" ci="0" mb="0" cb="0"/><line nr="242" mi="5" ci="0" mb="0" cb="0"/><line nr="243" mi="13" ci="0" mb="0" cb="0"/><line nr="244" mi="12" ci="0" mb="0" cb="0"/><line nr="247" mi="4" ci="0" mb="0" cb="0"/><line nr="248" mi="4" ci="0" mb="0" cb="0"/><line nr="249" mi="5" ci="0" mb="0" cb="0"/><line nr="250" mi="3" ci="0" mb="2" cb="0"/><line nr="251" mi="5" ci="0" mb="0" cb="0"/><line nr="252" mi="4" ci="0" mb="0" cb="0"/><line nr="253" mi="5" ci="0" mb="0" cb="0"/><line nr="255" mi="5" ci="0" mb="0" cb="0"/><line nr="256" mi="4" ci="0" mb="0" cb="0"/><line nr="257" mi="4" ci="0" mb="0" cb="0"/><line nr="259" mi="2" ci="0" mb="0" cb="0"/><line nr="264" mi="2" ci="0" mb="0" cb="0"/><line nr="265" mi="5" ci="0" mb="0" cb="0"/><line nr="266" mi="13" ci="0" mb="0" cb="0"/><line nr="267" mi="12" ci="0" mb="0" cb="0"/><line nr="270" mi="4" ci="0" mb="0" cb="0"/><line nr="271" mi="4" ci="0" mb="0" cb="0"/><line nr="272" mi="5" ci="0" mb="0" cb="0"/><line nr="273" mi="3" ci="0" mb="2" cb="0"/><line nr="274" mi="10" ci="0" mb="2" cb="0"/><line nr="275" mi="9" ci="0" mb="0" cb="0"/><line nr="276" mi="1" ci="0" mb="0" cb="0"/><line nr="278" mi="7" ci="0" mb="0" cb="0"/><line nr="279" mi="4" ci="0" mb="0" cb="0"/><line nr="280" mi="6" ci="0" mb="0" cb="0"/><line nr="281" mi="4" ci="0" mb="0" cb="0"/><line nr="282" mi="5" ci="0" mb="0" cb="0"/><line nr="283" mi="4" ci="0" mb="0" cb="0"/><line nr="285" mi="4" ci="0" mb="0" cb="0"/><line nr="286" mi="4" ci="0" mb="0" cb="0"/><line nr="287" mi="5" ci="0" mb="0" cb="0"/><line nr="289" mi="1" ci="0" mb="0" cb="0"/><line nr="290" mi="4" ci="0" mb="0" cb="0"/><line nr="291" mi="4" ci="0" mb="0" cb="0"/><line nr="293" mi="2" ci="0" mb="0" cb="0"/><line nr="299" mi="2" ci="0" mb="0" cb="0"/><line nr="300" mi="5" ci="0" mb="0" cb="0"/><line nr="302" mi="4" ci="0" mb="2" cb="0"/><line nr="303" mi="10" ci="0" mb="0" cb="0"/><line nr="306" mi="7" ci="0" mb="0" cb="0"/><line nr="307" mi="24" ci="0" mb="0" cb="0"/><line nr="314" mi="4" ci="0" mb="0" cb="0"/><line nr="315" mi="5" ci="0" mb="0" cb="0"/><line nr="317" mi="2" ci="0" mb="0" cb="0"/><counter type="INSTRUCTION" missed="874" covered="0"/><counter type="BRANCH" missed="22" covered="0"/><counter type="LINE" missed="168" covered="0"/><counter type="COMPLEXITY" missed="24" covered="0"/><counter type="METHOD" missed="13" covered="0"/><counter type="CLASS" missed="1" covered="0"/></sourcefile><sourcefile name="PetitionQuery.java"><line nr="36" mi="3" ci="0" mb="0" cb="0"/><line nr="41" mi="3" ci="0" mb="0" cb="0"/><line nr="42" mi="3" ci="0" mb="0" cb="0"/><line nr="45" mi="4" ci="0" mb="0" cb="0"/><line nr="47" mi="2" ci="0" mb="0" cb="0"/><line nr="48" mi="4" ci="0" mb="0" cb="0"/><line nr="50" mi="12" ci="0" mb="0" cb="0"/><line nr="52" mi="4" ci="0" mb="0" cb="0"/><line nr="53" mi="5" ci="0" mb="0" cb="0"/><line nr="55" mi="14" ci="0" mb="0" cb="0"/><line nr="56" mi="2" ci="0" mb="0" cb="0"/><line nr="57" mi="10" ci="0" mb="2" cb="0"/><line nr="58" mi="12" ci="0" mb="0" cb="0"/><line nr="59" mi="2" ci="0" mb="0" cb="0"/><line nr="60" mi="1" ci="0" mb="0" cb="0"/><line nr="62" mi="4" ci="0" mb="0" cb="0"/><line nr="66" mi="13" ci="0" mb="0" cb="0"/><line nr="68" mi="4" ci="0" mb="0" cb="0"/><line nr="69" mi="5" ci="0" mb="0" cb="0"/><line nr="71" mi="14" ci="0" mb="0" cb="0"/><line nr="72" mi="2" ci="0" mb="0" cb="0"/><line nr="73" mi="10" ci="0" mb="2" cb="0"/><line nr="74" mi="12" ci="0" mb="0" cb="0"/><line nr="75" mi="2" ci="0" mb="0" cb="0"/><line nr="76" mi="1" ci="0" mb="0" cb="0"/><line nr="79" mi="1" ci="0" mb="0" cb="0"/><counter type="INSTRUCTION" missed="149" covered="0"/><counter type="BRANCH" missed="4" covered="0"/><counter type="LINE" missed="26" covered="0"/><counter type="COMPLEXITY" missed="4" covered="0"/><counter type="METHOD" missed="2" covered="0"/><counter type="CLASS" missed="1" covered="0"/></sourcefile><sourcefile name="PetitionRemoveAll.java"><line nr="20" mi="3" ci="0" mb="0" cb="0"/><line nr="25" mi="3" ci="0" mb="0" cb="0"/><line nr="26" mi="3" ci="0" mb="0" cb="0"/><line nr="28" mi="2" ci="0" mb="0" cb="0"/><line nr="30" mi="5" ci="0" mb="0" cb="0"/><line nr="31" mi="4" ci="0" mb="0" cb="0"/><line nr="32" mi="4" ci="0" mb="0" cb="0"/><line nr="33" mi="10" ci="0" mb="2" cb="0"/><line nr="34" mi="9" ci="0" mb="0" cb="0"/><line nr="35" mi="14" ci="0" mb="0" cb="0"/><line nr="36" mi="1" ci="0" mb="0" cb="0"/><line nr="38" mi="5" ci="0" mb="0" cb="0"/><line nr="39" mi="4" ci="0" mb="0" cb="0"/><line nr="40" mi="4" ci="0" mb="0" cb="0"/><line nr="41" mi="10" ci="0" mb="2" cb="0"/><line nr="42" mi="9" ci="0" mb="0" cb="0"/><line nr="43" mi="14" ci="0" mb="0" cb="0"/><line nr="44" mi="1" ci="0" mb="0" cb="0"/><line nr="46" mi="5" ci="0" mb="0" cb="0"/><line nr="47" mi="4" ci="0" mb="0" cb="0"/><line nr="48" mi="4" ci="0" mb="0" cb="0"/><line nr="49" mi="10" ci="0" mb="2" cb="0"/><line nr="50" mi="9" ci="0" mb="0" cb="0"/><line nr="51" mi="14" ci="0" mb="0" cb="0"/><line nr="52" mi="1" ci="0" mb="0" cb="0"/><line nr="53" mi="1" ci="0" mb="0" cb="0"/><counter type="INSTRUCTION" missed="153" covered="0"/><counter type="BRANCH" missed="6" covered="0"/><counter type="LINE" missed="26" covered="0"/><counter type="COMPLEXITY" missed="5" covered="0"/><counter type="METHOD" missed="2" covered="0"/><counter type="CLASS" missed="1" covered="0"/></sourcefile><sourcefile name="PetitionServlet.java"><line nr="20" mi="3" ci="0" mb="0" cb="0"/><line nr="26" mi="3" ci="0" mb="0" cb="0"/><line nr="27" mi="3" ci="0" mb="0" cb="0"/><line nr="29" mi="4" ci="0" mb="0" cb="0"/><line nr="30" mi="2" ci="0" mb="0" cb="0"/><line nr="33" mi="7" ci="0" mb="2" cb="0"/><line nr="34" mi="7" ci="0" mb="2" cb="0"/><line nr="35" mi="11" ci="0" mb="0" cb="0"/><line nr="36" mi="6" ci="0" mb="0" cb="0"/><line nr="37" mi="11" ci="0" mb="0" cb="0"/><line nr="38" mi="11" ci="0" mb="0" cb="0"/><line nr="39" mi="11" ci="0" mb="0" cb="0"/><line nr="40" mi="4" ci="0" mb="0" cb="0"/><line nr="41" mi="14" ci="0" mb="0" cb="0"/><line nr="44" mi="4" ci="0" mb="0" cb="0"/><line nr="45" mi="7" ci="0" mb="2" cb="0"/><line nr="47" mi="2" ci="0" mb="0" cb="0"/><line nr="48" mi="2" ci="0" mb="0" cb="0"/><line nr="50" mi="10" ci="0" mb="0" cb="0"/><line nr="51" mi="1" ci="0" mb="0" cb="0"/><line nr="52" mi="2" ci="0" mb="0" cb="0"/><line nr="53" mi="1" ci="0" mb="0" cb="0"/><line nr="54" mi="15" ci="0" mb="0" cb="0"/><line nr="55" mi="6" ci="0" mb="0" cb="0"/><line nr="56" mi="5" ci="0" mb="0" cb="0"/><line nr="57" mi="5" ci="0" mb="0" cb="0"/><line nr="58" mi="5" ci="0" mb="0" cb="0"/><line nr="59" mi="4" ci="0" mb="0" cb="0"/><line nr="60" mi="4" ci="0" mb="0" cb="0"/><line nr="61" mi="5" ci="0" mb="0" cb="0"/><line nr="63" mi="4" ci="0" mb="0" cb="0"/><line nr="64" mi="2" ci="0" mb="0" cb="0"/><line nr="65" mi="3" ci="0" mb="2" cb="0"/><line nr="66" mi="15" ci="0" mb="0" cb="0"/><line nr="67" mi="2" ci="0" mb="0" cb="0"/><line nr="69" mi="10" ci="0" mb="0" cb="0"/><line nr="70" mi="1" ci="0" mb="0" cb="0"/><line nr="71" mi="2" ci="0" mb="0" cb="0"/><line nr="72" mi="1" ci="0" mb="0" cb="0"/><line nr="75" mi="19" ci="0" mb="0" cb="0"/><line nr="76" mi="4" ci="0" mb="0" cb="0"/><line nr="77" mi="4" ci="0" mb="0" cb="0"/><line nr="78" mi="4" ci="0" mb="0" cb="0"/><line nr="79" mi="4" ci="0" mb="0" cb="0"/><line nr="80" mi="1" ci="0" mb="0" cb="0"/><line nr="81" mi="13" ci="0" mb="0" cb="0"/><line nr="83" mi="1" ci="0" mb="0" cb="0"/><line nr="84" mi="5" ci="0" mb="0" cb="0"/><line nr="85" mi="9" ci="0" mb="0" cb="0"/><line nr="88" mi="4" ci="0" mb="0" cb="0"/><line nr="90" mi="4" ci="0" mb="0" cb="0"/><line nr="91" mi="4" ci="0" mb="2" cb="0"/><line nr="92" mi="17" ci="0" mb="0" cb="0"/><line nr="93" mi="4" ci="0" mb="2" cb="0"/><line nr="94" mi="4" ci="0" mb="0" cb="0"/><line nr="95" mi="14" ci="0" mb="0" cb="0"/><line nr="99" mi="4" ci="0" mb="0" cb="0"/><line nr="101" mi="4" ci="0" mb="0" cb="0"/><line nr="102" mi="14" ci="0" mb="0" cb="0"/><line nr="107" mi="1" ci="0" mb="0" cb="0"/><counter type="INSTRUCTION" missed="353" covered="0"/><counter type="BRANCH" missed="12" covered="0"/><counter type="LINE" missed="60" covered="0"/><counter type="COMPLEXITY" missed="8" covered="0"/><counter type="METHOD" missed="2" covered="0"/><counter type="CLASS" missed="1" covered="0"/></sourcefile><sourcefile name="HelloAppEngine.java"><line nr="15" mi="0" ci="2" mb="0" cb="0"/><line nr="16" mi="0" ci="4" mb="0" cb="0"/><line nr="17" mi="0" ci="3" mb="0" cb="0"/><line nr="23" mi="0" ci="3" mb="0" cb="0"/><line nr="24" mi="0" ci="3" mb="0" cb="0"/><line nr="26" mi="0" ci="4" mb="0" cb="0"/><line nr="27" mi="0" ci="12" mb="0" cb="0"/><line nr="28" mi="0" ci="12" mb="0" cb="0"/><line nr="29" mi="0" ci="11" mb="0" cb="0"/><line nr="30" mi="0" ci="17" mb="0" cb="0"/><line nr="31" mi="0" ci="15" mb="0" cb="0"/><line nr="33" mi="0" ci="1" mb="0" cb="0"/><counter type="INSTRUCTION" missed="0" covered="87"/><counter type="LINE" missed="0" covered="12"/><counter type="COMPLEXITY" missed="0" covered="3"/><counter type="METHOD" missed="0" covered="3"/><counter type="CLASS" missed="0" covered="1"/></sourcefile><sourcefile name="RandomDate.java"><line nr="5" mi="3" ci="0" mb="0" cb="0"/><line nr="9" mi="1" ci="0" mb="0" cb="0"/><line nr="13" mi="4" ci="0" mb="0" cb="0"/><line nr="15" mi="4" ci="0" mb="0" cb="0"/><line nr="17" mi="6" ci="0" mb="0" cb="0"/><line nr="19" mi="8" ci="0" mb="0" cb="0"/><line nr="21" mi="6" ci="0" mb="0" cb="0"/><line nr="24" mi="8" ci="0" mb="0" cb="0"/><line nr="26" mi="3" ci="0" mb="2" cb="0"/><line nr="27" mi="10" ci="0" mb="0" cb="0"/><line nr="29" mi="9" ci="0" mb="0" cb="0"/><line nr="33" mi="6" ci="0" mb="0" cb="0"/><line nr="35" mi="3" ci="0" mb="2" cb="0"/><line nr="36" mi="10" ci="0" mb="0" cb="0"/><line nr="38" mi="9" ci="0" mb="0" cb="0"/><line nr="40" mi="20" ci="0" mb="0" cb="0"/><line nr="42" mi="19" ci="0" mb="0" cb="0"/><line nr="47" mi="11" ci="0" mb="0" cb="0"/><counter type="INSTRUCTION" missed="140" covered="0"/><counter type="BRANCH" missed="4" covered="0"/><counter type="LINE" missed="18" covered="0"/><counter type="COMPLEXITY" missed="6" covered="0"/><counter type="METHOD" missed="4" covered="0"/><counter type="CLASS" missed="1" covered="0"/></sourcefile><sourcefile name="PetitionItem.java"><line nr="6" mi="3" ci="0" mb="0" cb="0"/><line nr="7" mi="3" ci="0" mb="0" cb="0"/><line nr="8" mi="3" ci="0" mb="0" cb="0"/><line nr="9" mi="3" ci="0" mb="0" cb="0"/><line nr="10" mi="3" ci="0" mb="0" cb="0"/><line nr="11" mi="3" ci="0" mb="0" cb="0"/><line nr="12" mi="3" ci="0" mb="0" cb="0"/><line nr="13" mi="3" ci="0" mb="0" cb="0"/><line nr="14" mi="3" ci="0" mb="0" cb="0"/><line nr="15" mi="3" ci="0" mb="0" cb="0"/><line nr="16" mi="3" ci="0" mb="0" cb="0"/><line nr="17" mi="3" ci="0" mb="0" cb="0"/><line nr="20" mi="3" ci="0" mb="0" cb="0"/><counter type="INSTRUCTION" missed="39" covered="0"/><counter type="LINE" missed="13" covered="0"/><counter type="COMPLEXITY" missed="1" covered="0"/><counter type="METHOD" missed="1" covered="0"/><counter type="CLASS" missed="1" covered="0"/></sourcefile><counter type="INSTRUCTION" missed="1817" covered="87"/><counter type="BRANCH" missed="54" covered="0"/><counter type="LINE" missed="331" covered="12"/><counter type="COMPLEXITY" missed="53" covered="3"/><counter type="METHOD" missed="26" covered="3"/><counter type="CLASS" missed="7" covered="1"/></package><counter type="INSTRUCTION" missed="1817" covered="87"/><counter type="BRANCH" missed="54" covered="0"/><counter type="LINE" missed="331" covered="12"/><counter type="COMPLEXITY" missed="53" covered="3"/><counter type="METHOD" missed="26" covered="3"/><counter type="CLASS" missed="7" covered="1"/></report>